<?xml version="1.0" encoding="UTF-8"?>
<!-- Generated by org.testng.reporters.JUnitXMLReporter -->
<testsuite ignored="9" hostname="LAPTOP-B873D0T5" failures="0" tests="1" name="Default test" time="18.666" errors="0" timestamp="2022-09-22T00:30:03 IST">
  <testcase classname="com.myecom.testcases.SignInPageTest" name="womenMouseAction" time="0.014"/>
  <testcase classname="com.myecom.testcases.SignInPageTest" name="signInEmail" time="0.0">
    <ignored/>
  </testcase> <!-- signInEmail -->
  <testcase classname="com.myecom.testcases.SignInPageTest" name="validateAccount" time="0.0">
    <ignored/>
  </testcase> <!-- validateAccount -->
  <testcase classname="com.myecom.testcases.SignInPageTest" name="validateNewAccount" time="0.0">
    <ignored/>
  </testcase> <!-- validateNewAccount -->
  <testcase classname="com.myecom.testcases.SignInPageTest" name="validateSignIn" time="0.0">
    <ignored/>
  </testcase> <!-- validateSignIn -->
  <testcase classname="com.myecom.testcases.SignInPageTest" name="login" time="0.0">
    <ignored/>
  </testcase> <!-- login -->
  <testcase classname="com.myecom.testcases.SignInPageTest" name="signUpPage" time="0.0">
    <ignored/>
  </testcase> <!-- signUpPage -->
  <testcase classname="com.myecom.testcases.SignInPageTest" name="createAccount" time="0.0">
    <ignored/>
  </testcase> <!-- createAccount -->
  <testcase classname="com.myecom.testcases.SignInPageTest" name="validateCreate" time="0.0">
    <ignored/>
  </testcase> <!-- validateCreate -->
  <testcase classname="com.myecom.testcases.SignInPageTest" name="returnToHome" time="0.0">
    <ignored/>
  </testcase> <!-- returnToHome -->
</testsuite> <!-- Default test -->
