<?xml version="1.0" encoding="UTF-8"?>
<!-- Generated by org.testng.reporters.JUnitXMLReporter -->
<testsuite ignored="9" hostname="LAPTOP-B873D0T5" failures="0" tests="1" name="Default test" time="41.708" errors="0" timestamp="2022-09-21T13:32:04 IST">
  <testcase classname="com.myecom.testcases.IndexPageTest" name="createClick" time="22.532"/>
  <testcase classname="com.myecom.testcases.IndexPageTest" name="hardassert" time="0.0">
    <ignored/>
  </testcase> <!-- hardassert -->
  <testcase classname="com.myecom.testcases.IndexPageTest" name="validateLogo" time="0.0">
    <ignored/>
  </testcase> <!-- validateLogo -->
  <testcase classname="com.myecom.testcases.IndexPageTest" name="softassert" time="0.0">
    <ignored/>
  </testcase> <!-- softassert -->
  <testcase classname="com.myecom.testcases.IndexPageTest" name="clickOnDress" time="0.0">
    <ignored/>
  </testcase> <!-- clickOnDress -->
  <testcase classname="com.myecom.testcases.IndexPageTest" name="getTitleOfPage" time="0.0">
    <ignored/>
  </testcase> <!-- getTitleOfPage -->
  <testcase classname="com.myecom.testcases.IndexPageTest" name="searchTextValue" time="0.0">
    <ignored/>
  </testcase> <!-- searchTextValue -->
  <testcase classname="com.myecom.testcases.IndexPageTest" name="selectDropDown" time="0.0">
    <ignored/>
  </testcase> <!-- selectDropDown -->
  <testcase classname="com.myecom.testcases.IndexPageTest" name="search" time="0.0">
    <ignored/>
  </testcase> <!-- search -->
  <testcase classname="com.myecom.testcases.IndexPageTest" name="signInClick" time="0.0">
    <ignored/>
  </testcase> <!-- signInClick -->
</testsuite> <!-- Default test -->
