<?xml version="1.0" encoding="UTF-8"?>
<!-- Generated by org.testng.reporters.JUnitXMLReporter -->
<testsuite ignored="0" hostname="LAPTOP-B873D0T5" failures="0" tests="3" name="chrome" time="61.01" errors="0" timestamp="2022-09-20T19:40:41 IST">
  <testcase classname="com.myecom.testcases.DemoTest" name="test2" time="0.006"/>
  <testcase classname="com.myecom.testcases.DemoTest" name="test3" time="0.001"/>
  <testcase classname="com.myecom.testcases.DemoTest" name="test1" time="0.002"/>
</testsuite> <!-- chrome -->
