<?xml version="1.0" encoding="UTF-8"?>
<!-- Generated by org.testng.reporters.JUnitXMLReporter -->
<testsuite ignored="0" hostname="LAPTOP-B873D0T5" failures="0" tests="3" name="edge" time="50.679" errors="0" timestamp="2022-09-20T19:42:03 IST">
  <testcase classname="com.myecom.testcases.DemoTest" name="test2" time="0.002"/>
  <testcase classname="com.myecom.testcases.DemoTest" name="test3" time="0.002"/>
  <testcase classname="com.myecom.testcases.DemoTest" name="test1" time="0.002"/>
</testsuite> <!-- edge -->
