<?xml version="1.0" encoding="UTF-8"?>
<!-- Generated by org.testng.reporters.JUnitXMLReporter -->
<testsuite ignored="0" hostname="LAPTOP-B873D0T5" failures="0" tests="19" name="Test" time="195.634" errors="0" timestamp="2022-09-20T17:50:41 IST">
  <testcase classname="com.myecom.testcases.IndexPageTest" name="@BeforeMethod setUp" time="4.736">
    <failure type="org.openqa.selenium.WebDriverException" message="unknown error: cannot determine loading status
from disconnected: received Inspector.detached event
  (Session info: chrome=105.0.5195.127)
Build info: version: &amp;apos;4.4.0&amp;apos;, revision: &amp;apos;e5c75ed026a&amp;apos;
System info: host: &amp;apos;LAPTOP-B873D0T5&amp;apos;, ip: &amp;apos;192.168.1.101&amp;apos;, os.name: &amp;apos;Windows 11&amp;apos;, os.arch: &amp;apos;amd64&amp;apos;, os.version: &amp;apos;10.0&amp;apos;, java.version: &amp;apos;17.0.3&amp;apos;
Driver info: org.openqa.selenium.chrome.ChromeDriver
Command: [96df66227e6280b5852027d7347afd7a, get {url=http://automationpractice.com/index.php}]
Capabilities {acceptInsecureCerts: false, browserName: chrome, browserVersion: 105.0.5195.127, chrome: {chromedriverVersion: 104.0.5112.79 (3cf3e8c8a07d..., userDataDir: C:\Users\NEHASA~1\AppData\L...}, goog:chromeOptions: {debuggerAddress: localhost:54170}, networkConnectionEnabled: false, pageLoadStrategy: normal, platformName: WINDOWS, proxy: Proxy(), se:cdp: ws://localhost:54170/devtoo..., se:cdpVersion: 105.0.5195.127, setWindowRect: true, strictFileInteractability: false, timeouts: {implicit: 0, pageLoad: 300000, script: 30000}, unhandledPromptBehavior: dismiss and notify, webauthn:extension:credBlob: true, webauthn:extension:largeBlob: true, webauthn:virtualAuthenticators: true}
Session ID: 96df66227e6280b5852027d7347afd7a">
      <![CDATA[org.openqa.selenium.WebDriverException: unknown error: cannot determine loading status
from disconnected: received Inspector.detached event
  (Session info: chrome=105.0.5195.127)
Build info: version: '4.4.0', revision: 'e5c75ed026a'
System info: host: 'LAPTOP-B873D0T5', ip: '192.168.1.101', os.name: 'Windows 11', os.arch: 'amd64', os.version: '10.0', java.version: '17.0.3'
Driver info: org.openqa.selenium.chrome.ChromeDriver
Command: [96df66227e6280b5852027d7347afd7a, get {url=http://automationpractice.com/index.php}]
Capabilities {acceptInsecureCerts: false, browserName: chrome, browserVersion: 105.0.5195.127, chrome: {chromedriverVersion: 104.0.5112.79 (3cf3e8c8a07d..., userDataDir: C:\Users\NEHASA~1\AppData\L...}, goog:chromeOptions: {debuggerAddress: localhost:54170}, networkConnectionEnabled: false, pageLoadStrategy: normal, platformName: WINDOWS, proxy: Proxy(), se:cdp: ws://localhost:54170/devtoo..., se:cdpVersion: 105.0.5195.127, setWindowRect: true, strictFileInteractability: false, timeouts: {implicit: 0, pageLoad: 300000, script: 30000}, unhandledPromptBehavior: dismiss and notify, webauthn:extension:credBlob: true, webauthn:extension:largeBlob: true, webauthn:virtualAuthenticators: true}
Session ID: 96df66227e6280b5852027d7347afd7a
at org.openqa.selenium.remote.codec.w3c.W3CHttpResponseCodec.createException(W3CHttpResponseCodec.java:200)
at org.openqa.selenium.remote.codec.w3c.W3CHttpResponseCodec.decode(W3CHttpResponseCodec.java:133)
at org.openqa.selenium.remote.codec.w3c.W3CHttpResponseCodec.decode(W3CHttpResponseCodec.java:53)
at org.openqa.selenium.remote.HttpCommandExecutor.execute(HttpCommandExecutor.java:184)
at org.openqa.selenium.remote.service.DriverCommandExecutor.invokeExecute(DriverCommandExecutor.java:167)
at org.openqa.selenium.remote.service.DriverCommandExecutor.execute(DriverCommandExecutor.java:142)
at org.openqa.selenium.remote.RemoteWebDriver.execute(RemoteWebDriver.java:547)
at org.openqa.selenium.remote.RemoteWebDriver.get(RemoteWebDriver.java:310)
at com.myecom.testcases.IndexPageTest.setUp(IndexPageTest.java:49)
at java.base/java.util.ArrayList.forEach(ArrayList.java:1511)
... Removed 36 stack frames]]>
    </failure>
  </testcase> <!-- @BeforeMethod setUp -->
  <testcase classname="com.myecom.testcases.IndexPageTest" name="@AfterMethod tearDown" time="-1.663676272752E9">
    <skipped/>
  </testcase> <!-- @AfterMethod tearDown -->
  <testcase classname="com.myecom.base.BaseClass" name="@BeforeMethod readProperty" time="-1.663676272765E9">
    <skipped/>
  </testcase> <!-- @BeforeMethod readProperty -->
  <testcase classname="com.myecom.testcases.IndexPageTest" name="@BeforeMethod generateExtentReport" time="-1.663676272766E9">
    <skipped/>
  </testcase> <!-- @BeforeMethod generateExtentReport -->
  <testcase classname="com.myecom.testcases.IndexPageTest" name="@BeforeMethod setUp" time="-1.663676272768E9">
    <skipped/>
  </testcase> <!-- @BeforeMethod setUp -->
  <testcase classname="com.myecom.testcases.IndexPageTest" name="@AfterMethod tearDown" time="-1.663676272793E9">
    <skipped/>
  </testcase> <!-- @AfterMethod tearDown -->
  <testcase classname="com.myecom.base.BaseClass" name="@BeforeMethod readProperty" time="-1.663676272798E9">
    <skipped/>
  </testcase> <!-- @BeforeMethod readProperty -->
  <testcase classname="com.myecom.testcases.IndexPageTest" name="@BeforeMethod generateExtentReport" time="-1.6636762728E9">
    <skipped/>
  </testcase> <!-- @BeforeMethod generateExtentReport -->
  <testcase classname="com.myecom.testcases.IndexPageTest" name="@BeforeMethod setUp" time="-1.663676272813E9">
    <skipped/>
  </testcase> <!-- @BeforeMethod setUp -->
  <testcase classname="com.myecom.testcases.IndexPageTest" name="@AfterMethod tearDown" time="-1.663676272825E9">
    <skipped/>
  </testcase> <!-- @AfterMethod tearDown -->
  <testcase classname="com.myecom.base.BaseClass" name="@BeforeMethod readProperty" time="-1.663676272829E9">
    <skipped/>
  </testcase> <!-- @BeforeMethod readProperty -->
  <testcase classname="com.myecom.testcases.IndexPageTest" name="@BeforeMethod generateExtentReport" time="-1.66367627283E9">
    <skipped/>
  </testcase> <!-- @BeforeMethod generateExtentReport -->
  <testcase classname="com.myecom.testcases.IndexPageTest" name="@BeforeMethod setUp" time="-1.663676272831E9">
    <skipped/>
  </testcase> <!-- @BeforeMethod setUp -->
  <testcase classname="com.myecom.testcases.IndexPageTest" name="@AfterMethod tearDown" time="-1.663676272845E9">
    <skipped/>
  </testcase> <!-- @AfterMethod tearDown -->
  <testcase classname="com.myecom.base.BaseClass" name="@BeforeMethod readProperty" time="-1.663676272847E9">
    <skipped/>
  </testcase> <!-- @BeforeMethod readProperty -->
  <testcase classname="com.myecom.testcases.IndexPageTest" name="@BeforeMethod generateExtentReport" time="-1.663676272852E9">
    <skipped/>
  </testcase> <!-- @BeforeMethod generateExtentReport -->
  <testcase classname="com.myecom.testcases.IndexPageTest" name="@BeforeMethod setUp" time="-1.663676272854E9">
    <skipped/>
  </testcase> <!-- @BeforeMethod setUp -->
  <testcase classname="com.myecom.testcases.IndexPageTest" name="@AfterMethod tearDown" time="-1.663676272862E9">
    <skipped/>
  </testcase> <!-- @AfterMethod tearDown -->
  <testcase classname="com.myecom.base.BaseClass" name="@BeforeMethod readProperty" time="-1.663676272876E9">
    <skipped/>
  </testcase> <!-- @BeforeMethod readProperty -->
  <testcase classname="com.myecom.testcases.IndexPageTest" name="@BeforeMethod generateExtentReport" time="-1.663676272882E9">
    <skipped/>
  </testcase> <!-- @BeforeMethod generateExtentReport -->
  <testcase classname="com.myecom.testcases.IndexPageTest" name="@BeforeMethod setUp" time="-1.663676272884E9">
    <skipped/>
  </testcase> <!-- @BeforeMethod setUp -->
  <testcase classname="com.myecom.testcases.IndexPageTest" name="@AfterMethod tearDown" time="-1.663676272897E9">
    <skipped/>
  </testcase> <!-- @AfterMethod tearDown -->
  <testcase classname="com.myecom.base.BaseClass" name="@BeforeMethod readProperty" time="-1.663676272899E9">
    <skipped/>
  </testcase> <!-- @BeforeMethod readProperty -->
  <testcase classname="com.myecom.testcases.IndexPageTest" name="@BeforeMethod generateExtentReport" time="-1.6636762729E9">
    <skipped/>
  </testcase> <!-- @BeforeMethod generateExtentReport -->
  <testcase classname="com.myecom.testcases.IndexPageTest" name="@BeforeMethod setUp" time="-1.663676272901E9">
    <skipped/>
  </testcase> <!-- @BeforeMethod setUp -->
  <testcase classname="com.myecom.testcases.IndexPageTest" name="@AfterMethod tearDown" time="-1.66367627291E9">
    <skipped/>
  </testcase> <!-- @AfterMethod tearDown -->
  <testcase classname="com.myecom.base.BaseClass" name="@BeforeMethod readProperty" time="-1.663676272912E9">
    <skipped/>
  </testcase> <!-- @BeforeMethod readProperty -->
  <testcase classname="com.myecom.testcases.IndexPageTest" name="@BeforeMethod generateExtentReport" time="-1.663676272915E9">
    <skipped/>
  </testcase> <!-- @BeforeMethod generateExtentReport -->
  <testcase classname="com.myecom.testcases.IndexPageTest" name="@BeforeMethod setUp" time="-1.663676272916E9">
    <skipped/>
  </testcase> <!-- @BeforeMethod setUp -->
  <testcase classname="com.myecom.testcases.IndexPageTest" name="@AfterMethod tearDown" time="-1.66367627292E9">
    <skipped/>
  </testcase> <!-- @AfterMethod tearDown -->
  <testcase classname="com.myecom.testcases.IndexPageTest" name="@AfterTest flushReport" time="-1.663676441456E9">
    <skipped/>
  </testcase> <!-- @AfterTest flushReport -->
  <testcase classname="com.myecom.testcases.IndexPageTest" name="clickOnDress" time="7.012"/>
  <testcase classname="com.myecom.testcases.IndexPageTest" name="createClick" time="0.0">
    <skipped/>
  </testcase> <!-- createClick -->
  <testcase classname="com.myecom.testcases.IndexPageTest" name="getTitleOfPage" time="0.0">
    <skipped/>
  </testcase> <!-- getTitleOfPage -->
  <testcase classname="com.myecom.testcases.IndexPageTest" name="hardassert" time="0.0">
    <skipped/>
  </testcase> <!-- hardassert -->
  <testcase classname="com.myecom.testcases.IndexPageTest" name="search" time="0.0">
    <skipped/>
  </testcase> <!-- search -->
  <testcase classname="com.myecom.testcases.IndexPageTest" name="searchTextValue" time="0.0">
    <skipped/>
  </testcase> <!-- searchTextValue -->
  <testcase classname="com.myecom.testcases.IndexPageTest" name="selectDropDown" time="0.0">
    <skipped/>
  </testcase> <!-- selectDropDown -->
  <testcase classname="com.myecom.testcases.IndexPageTest" name="softassert" time="0.0">
    <skipped/>
  </testcase> <!-- softassert -->
  <testcase classname="com.myecom.testcases.IndexPageTest" name="validateLogo" time="0.0">
    <skipped/>
  </testcase> <!-- validateLogo -->
  <testcase classname="com.myecom.testcases.DemoTest" name="test2" time="0.001"/>
  <testcase classname="com.myecom.testcases.DemoTest" name="test3" time="0.002"/>
  <testcase classname="com.myecom.testcases.DemoTest" name="test1" time="0.001"/>
  <testcase classname="com.myecom.testcases.SignInPageTest" name="createAccount" time="4.234"/>
  <testcase classname="com.myecom.testcases.SignInPageTest" name="login" time="3.237"/>
  <testcase classname="com.myecom.testcases.SignInPageTest" name="signInEmail" time="10.184"/>
  <testcase classname="com.myecom.testcases.SignInPageTest" name="signUpPage" time="8.677"/>
  <testcase classname="com.myecom.testcases.SignInPageTest" name="validateAccount" time="10.134"/>
  <testcase classname="com.myecom.testcases.SignInPageTest" name="validateNewAccount" time="15.293"/>
  <testcase classname="com.myecom.testcases.SignInPageTest" name="validateSignIn" time="3.311"/>
</testsuite> <!-- Test -->
