<?xml version="1.0" encoding="UTF-8"?>
<!-- Generated by org.testng.reporters.JUnitXMLReporter -->
<testsuite ignored="16" hostname="LAPTOP-B873D0T5" failures="0" tests="0" time="0.007" errors="0" timestamp="2022-09-20T07:47:09 IST">
  <testcase classname="com.myecom.testcases.IndexPageTest" name="hardassert" time="0.0">
    <ignored/>
  </testcase> <!-- hardassert -->
  <testcase classname="com.myecom.testcases.SignInPageTest" name="validateAccount" time="0.0">
    <ignored/>
  </testcase> <!-- validateAccount -->
  <testcase classname="com.myecom.testcases.SignInPageTest" name="validateSignIn" time="0.0">
    <ignored/>
  </testcase> <!-- validateSignIn -->
  <testcase classname="com.myecom.testcases.IndexPageTest" name="softassert" time="0.0">
    <ignored/>
  </testcase> <!-- softassert -->
  <testcase classname="com.myecom.testcases.IndexPageTest" name="getTitleOfPage" time="0.0">
    <ignored/>
  </testcase> <!-- getTitleOfPage -->
  <testcase classname="com.myecom.testcases.IndexPageTest" name="searchTextValue" time="0.0">
    <ignored/>
  </testcase> <!-- searchTextValue -->
  <testcase classname="com.myecom.testcases.SignInPageTest" name="createAccount" time="0.0">
    <ignored/>
  </testcase> <!-- createAccount -->
  <testcase classname="com.myecom.testcases.IndexPageTest" name="search" time="0.0">
    <ignored/>
  </testcase> <!-- search -->
  <testcase classname="com.myecom.testcases.SignInPageTest" name="signInEmail" time="0.0">
    <ignored/>
  </testcase> <!-- signInEmail -->
  <testcase classname="com.myecom.testcases.IndexPageTest" name="validateLogo" time="0.0">
    <ignored/>
  </testcase> <!-- validateLogo -->
  <testcase classname="com.myecom.testcases.SignInPageTest" name="validateNewAccount" time="0.0">
    <ignored/>
  </testcase> <!-- validateNewAccount -->
  <testcase classname="com.myecom.testcases.IndexPageTest" name="createClick" time="0.0">
    <ignored/>
  </testcase> <!-- createClick -->
  <testcase classname="com.myecom.testcases.IndexPageTest" name="clickOnDress" time="0.0">
    <ignored/>
  </testcase> <!-- clickOnDress -->
  <testcase classname="com.myecom.testcases.SignInPageTest" name="login" time="0.0">
    <ignored/>
  </testcase> <!-- login -->
  <testcase classname="com.myecom.testcases.SignInPageTest" name="signUpPage" time="0.0">
    <ignored/>
  </testcase> <!-- signUpPage -->
  <testcase classname="com.myecom.testcases.IndexPageTest" name="selectDropDown" time="0.0">
    <ignored/>
  </testcase> <!-- selectDropDown -->
</testsuite>
