<?xml version="1.0" encoding="UTF-8"?>
<testng-results ignored="9" total="10" passed="1" failed="0" skipped="0">
  <reporter-output>
  </reporter-output>
  <suite started-at="2022-09-22T00:29:44 IST" name="Default suite" finished-at="2022-09-22T00:30:03 IST" duration-ms="18666">
    <groups>
    </groups>
    <test started-at="2022-09-22T00:29:44 IST" name="Default test" finished-at="2022-09-22T00:30:03 IST" duration-ms="18666">
      <class name="com.myecom.testcases.SignInPageTest">
        <test-method is-config="true" signature="readProperty()[pri:0, instance:com.myecom.testcases.SignInPageTest@21e360a]" started-at="2022-09-22T00:29:44 IST" name="readProperty" finished-at="2022-09-22T00:29:44 IST" duration-ms="3" status="PASS">
          <reporter-output>
          </reporter-output>
        </test-method> <!-- readProperty -->
        <test-method is-config="true" signature="setUp()[pri:0, instance:com.myecom.testcases.SignInPageTest@21e360a]" started-at="2022-09-22T00:29:44 IST" name="setUp" finished-at="2022-09-22T00:30:03 IST" duration-ms="18327" status="PASS">
          <reporter-output>
          </reporter-output>
        </test-method> <!-- setUp -->
        <test-method signature="womenMouseAction()[pri:0, instance:com.myecom.testcases.SignInPageTest@21e360a]" started-at="2022-09-22T00:30:03 IST" name="womenMouseAction" finished-at="2022-09-22T00:30:03 IST" duration-ms="14" status="PASS">
          <reporter-output>
          </reporter-output>
        </test-method> <!-- womenMouseAction -->
        <test-method is-config="true" signature="tearDown()[pri:0, instance:com.myecom.testcases.SignInPageTest@21e360a]" started-at="2022-09-22T00:30:03 IST" name="tearDown" finished-at="2022-09-22T00:30:03 IST" duration-ms="296" status="PASS">
          <reporter-output>
          </reporter-output>
        </test-method> <!-- tearDown -->
      </class> <!-- com.myecom.testcases.SignInPageTest -->
    </test> <!-- Default test -->
  </suite> <!-- Default suite -->
</testng-results>
